handle count0020
0000,0000,0000,0000
GetVersion5F03
mnameCW2RUN16
mnameCW2TPS16
mnameCW2RUN16
identify task C:\MISDOC~1\PROGRA~1\BATERÍ~1\SAMAN.EXE
is_clarion_programm 0001
me.szExePath C:\ARCHIVOS DE PROGRAMA\MICROSOFT OFFICE\OFFICE\FINDFAST.EXE
me.szExePath C:\ARCHIVOS DE PROGRAMA\MICROSOFT OFFICE\OFFICE\OSA.EXE
me.szExePath C:\ARCHIVOS DE PROGRAMA\NETWORK ASSOCIATES\MCAFEE VIRUSSCAN\VSSTAT.EXE
me.szExePath C:\ARCHIVOS DE PROGRAMA\NETWORK ASSOCIATES\MCAFEE VIRUSSCAN\AVCONSOL.EXE
me.szExePath C:\WINDOWS\TASKMON.EXE
me.szExePath C:\WINDOWS\SYSTEM\SYSTRAY.EXE
me.szExePath C:\WINDOWS\EXPLORER.EXE
me.szExePath C:\WINDOWS\SYSTEM\MPREXE.EXE
me.szExePath C:\WINDOWS\SYSTEM\MSGSRV32.EXE
me.szExePath C:\WINDOWS\SYSTEM\mmtask.tsk
locate dll C:\CW20\BIN\CW2RUN16.DLL
locate dll C:\CW20\BIN\CW2RUN16.DLL
locate dll C:\CW20\BIN\CW2TPS16.DLL
collect info C:\MISDOC~1\PROGRA~1\BATERÍ~1\SAMAN.EXE
locate dll C:\CW20\BIN\CW2RUN16.DLL
locate dll C:\CW20\BIN\CW2RUN16.DLL
locate dll C:\CW20\BIN\CW2TPS16.DLL
break start 56970273
__Win87EmInfo0000
fpstatesize01CD
Version 0600
SizeSaveArea 01CD
WinDataSeg 2BFF
WinCodeSeg 2C07
Have80x87 0001
load_selectd_dbds start
saman024.dbd
saman026.dbd
load_selectd_dbds end
build_globals
transfering watch saman024.HISTORY::HIS:RECORD.HIS:NUEVA[1]
time close down
seg_free 0002
