start process C:\MISDOC~1\PROGRA~1\BATERÕ~1\SAMAN.EXE
C:\MIS DOCUMENTOS\PROGRAMACIÛN\BATERÌAS SAMAN\SAMAN.EXE Loaded at: 00400000
C:\CW20\BIN\CW2TPS32.DLL Loaded at: 00700000
C:\WINDOWS\SYSTEM\WINSPOOL.DRV Loaded at: 7FE70000
No debug information
C:\WINDOWS\SYSTEM\SHELL32.DLL Loaded at: 7FCE0000
No debug information
C:\WINDOWS\SYSTEM\SHLWAPI.DLL Loaded at: BFB50000
No debug information
C:\WINDOWS\SYSTEM\COMDLG32.DLL Loaded at: 7FE40000
No debug information
C:\WINDOWS\SYSTEM\USER32.DLL Loaded at: BFF50000
No debug information
C:\WINDOWS\SYSTEM\GDI32.DLL Loaded at: BFF20000
No debug information
C:\WINDOWS\SYSTEM\COMCTL32.DLL Loaded at: BFEB0000
No debug information
C:\WINDOWS\SYSTEM\KERNEL32.DLL Loaded at: BFF70000
No debug information
C:\WINDOWS\SYSTEM\ADVAPI32.DLL Loaded at: BFEA0000
No debug information
C:\CW20\BIN\CW2RUN32.DLL Loaded at: 00800000
No debug information
